INFO 2024-10-02 12:42:22,487 autoreload 19220 31600 Watching for file changes with StatReloader
INFO 2024-10-02 12:42:46,063 autoreload 19220 31600 C:\Users\Nurzhan\PycharmProjects\gb_django_final\gb_django_final\settings.py changed, reloading.
INFO 2024-10-02 12:42:46,438 autoreload 25824 32460 Watching for file changes with StatReloader
INFO 2024-10-02 12:43:15,104 autoreload 27352 4056 Watching for file changes with StatReloader
ERROR 2024-10-02 12:43:25,010 log 27352 11616 Internal Server Error: /
Traceback (most recent call last):
  File "C:\Users\Nurzhan\PycharmProjects\gb_django_final\.venv\Lib\site-packages\django\core\handlers\exception.py", line 55, in inner
    response = get_response(request)
               ^^^^^^^^^^^^^^^^^^^^^
  File "C:\Users\Nurzhan\PycharmProjects\gb_django_final\.venv\Lib\site-packages\django\utils\deprecation.py", line 128, in __call__
    response = self.process_request(request)
               ^^^^^^^^^^^^^^^^^^^^^^^^^^^^^
  File "C:\Users\Nurzhan\PycharmProjects\gb_django_final\.venv\Lib\site-packages\django\contrib\messages\middleware.py", line 12, in process_request
    request._messages = default_storage(request)
                        ^^^^^^^^^^^^^^^^^^^^^^^^
  File "C:\Users\Nurzhan\PycharmProjects\gb_django_final\.venv\Lib\site-packages\django\contrib\messages\storage\__init__.py", line 12, in default_storage
    return import_string(settings.MESSAGE_STORAGE)(request)
           ^^^^^^^^^^^^^^^^^^^^^^^^^^^^^^^^^^^^^^^^^^^^^^^^
  File "C:\Users\Nurzhan\PycharmProjects\gb_django_final\.venv\Lib\site-packages\django\contrib\messages\storage\fallback.py", line 16, in __init__
    self.storages = [
                    ^
  File "C:\Users\Nurzhan\PycharmProjects\gb_django_final\.venv\Lib\site-packages\django\contrib\messages\storage\fallback.py", line 17, in <listcomp>
    storage_class(*args, **kwargs) for storage_class in self.storage_classes
    ^^^^^^^^^^^^^^^^^^^^^^^^^^^^^^
  File "C:\Users\Nurzhan\PycharmProjects\gb_django_final\.venv\Lib\site-packages\django\contrib\messages\storage\cookie.py", line 92, in __init__
    self.signer = signing.get_cookie_signer(salt=self.key_salt)
                  ^^^^^^^^^^^^^^^^^^^^^^^^^^^^^^^^^^^^^^^^^^^^^
  File "C:\Users\Nurzhan\PycharmProjects\gb_django_final\.venv\Lib\site-packages\django\core\signing.py", line 112, in get_cookie_signer
    key=_cookie_signer_key(settings.SECRET_KEY),
                           ^^^^^^^^^^^^^^^^^^^
  File "C:\Users\Nurzhan\PycharmProjects\gb_django_final\.venv\Lib\site-packages\django\conf\__init__.py", line 90, in __getattr__
    raise ImproperlyConfigured("The SECRET_KEY setting must not be empty.")
django.core.exceptions.ImproperlyConfigured: The SECRET_KEY setting must not be empty.
ERROR 2024-10-02 12:43:25,034 basehttp 27352 11616 "GET / HTTP/1.1" 500 1565
ERROR 2024-10-02 12:43:28,630 log 27352 11616 Internal Server Error: /
Traceback (most recent call last):
  File "C:\Users\Nurzhan\PycharmProjects\gb_django_final\.venv\Lib\site-packages\django\core\handlers\exception.py", line 55, in inner
    response = get_response(request)
               ^^^^^^^^^^^^^^^^^^^^^
  File "C:\Users\Nurzhan\PycharmProjects\gb_django_final\.venv\Lib\site-packages\django\utils\deprecation.py", line 128, in __call__
    response = self.process_request(request)
               ^^^^^^^^^^^^^^^^^^^^^^^^^^^^^
  File "C:\Users\Nurzhan\PycharmProjects\gb_django_final\.venv\Lib\site-packages\django\contrib\messages\middleware.py", line 12, in process_request
    request._messages = default_storage(request)
                        ^^^^^^^^^^^^^^^^^^^^^^^^
  File "C:\Users\Nurzhan\PycharmProjects\gb_django_final\.venv\Lib\site-packages\django\contrib\messages\storage\__init__.py", line 12, in default_storage
    return import_string(settings.MESSAGE_STORAGE)(request)
           ^^^^^^^^^^^^^^^^^^^^^^^^^^^^^^^^^^^^^^^^^^^^^^^^
  File "C:\Users\Nurzhan\PycharmProjects\gb_django_final\.venv\Lib\site-packages\django\contrib\messages\storage\fallback.py", line 16, in __init__
    self.storages = [
                    ^
  File "C:\Users\Nurzhan\PycharmProjects\gb_django_final\.venv\Lib\site-packages\django\contrib\messages\storage\fallback.py", line 17, in <listcomp>
    storage_class(*args, **kwargs) for storage_class in self.storage_classes
    ^^^^^^^^^^^^^^^^^^^^^^^^^^^^^^
  File "C:\Users\Nurzhan\PycharmProjects\gb_django_final\.venv\Lib\site-packages\django\contrib\messages\storage\cookie.py", line 92, in __init__
    self.signer = signing.get_cookie_signer(salt=self.key_salt)
                  ^^^^^^^^^^^^^^^^^^^^^^^^^^^^^^^^^^^^^^^^^^^^^
  File "C:\Users\Nurzhan\PycharmProjects\gb_django_final\.venv\Lib\site-packages\django\core\signing.py", line 112, in get_cookie_signer
    key=_cookie_signer_key(settings.SECRET_KEY),
                           ^^^^^^^^^^^^^^^^^^^
  File "C:\Users\Nurzhan\PycharmProjects\gb_django_final\.venv\Lib\site-packages\django\conf\__init__.py", line 90, in __getattr__
    raise ImproperlyConfigured("The SECRET_KEY setting must not be empty.")
django.core.exceptions.ImproperlyConfigured: The SECRET_KEY setting must not be empty.
ERROR 2024-10-02 12:43:28,631 basehttp 27352 11616 "GET / HTTP/1.1" 500 1565
ERROR 2024-10-02 12:43:29,398 log 27352 11616 Internal Server Error: /
Traceback (most recent call last):
  File "C:\Users\Nurzhan\PycharmProjects\gb_django_final\.venv\Lib\site-packages\django\core\handlers\exception.py", line 55, in inner
    response = get_response(request)
               ^^^^^^^^^^^^^^^^^^^^^
  File "C:\Users\Nurzhan\PycharmProjects\gb_django_final\.venv\Lib\site-packages\django\utils\deprecation.py", line 128, in __call__
    response = self.process_request(request)
               ^^^^^^^^^^^^^^^^^^^^^^^^^^^^^
  File "C:\Users\Nurzhan\PycharmProjects\gb_django_final\.venv\Lib\site-packages\django\contrib\messages\middleware.py", line 12, in process_request
    request._messages = default_storage(request)
                        ^^^^^^^^^^^^^^^^^^^^^^^^
  File "C:\Users\Nurzhan\PycharmProjects\gb_django_final\.venv\Lib\site-packages\django\contrib\messages\storage\__init__.py", line 12, in default_storage
    return import_string(settings.MESSAGE_STORAGE)(request)
           ^^^^^^^^^^^^^^^^^^^^^^^^^^^^^^^^^^^^^^^^^^^^^^^^
  File "C:\Users\Nurzhan\PycharmProjects\gb_django_final\.venv\Lib\site-packages\django\contrib\messages\storage\fallback.py", line 16, in __init__
    self.storages = [
                    ^
  File "C:\Users\Nurzhan\PycharmProjects\gb_django_final\.venv\Lib\site-packages\django\contrib\messages\storage\fallback.py", line 17, in <listcomp>
    storage_class(*args, **kwargs) for storage_class in self.storage_classes
    ^^^^^^^^^^^^^^^^^^^^^^^^^^^^^^
  File "C:\Users\Nurzhan\PycharmProjects\gb_django_final\.venv\Lib\site-packages\django\contrib\messages\storage\cookie.py", line 92, in __init__
    self.signer = signing.get_cookie_signer(salt=self.key_salt)
                  ^^^^^^^^^^^^^^^^^^^^^^^^^^^^^^^^^^^^^^^^^^^^^
  File "C:\Users\Nurzhan\PycharmProjects\gb_django_final\.venv\Lib\site-packages\django\core\signing.py", line 112, in get_cookie_signer
    key=_cookie_signer_key(settings.SECRET_KEY),
                           ^^^^^^^^^^^^^^^^^^^
  File "C:\Users\Nurzhan\PycharmProjects\gb_django_final\.venv\Lib\site-packages\django\conf\__init__.py", line 90, in __getattr__
    raise ImproperlyConfigured("The SECRET_KEY setting must not be empty.")
django.core.exceptions.ImproperlyConfigured: The SECRET_KEY setting must not be empty.
ERROR 2024-10-02 12:43:29,400 basehttp 27352 11616 "GET / HTTP/1.1" 500 1565
ERROR 2024-10-02 12:43:34,154 log 27352 11616 Internal Server Error: /login/
Traceback (most recent call last):
  File "C:\Users\Nurzhan\PycharmProjects\gb_django_final\.venv\Lib\site-packages\django\core\handlers\exception.py", line 55, in inner
    response = get_response(request)
               ^^^^^^^^^^^^^^^^^^^^^
  File "C:\Users\Nurzhan\PycharmProjects\gb_django_final\.venv\Lib\site-packages\django\utils\deprecation.py", line 128, in __call__
    response = self.process_request(request)
               ^^^^^^^^^^^^^^^^^^^^^^^^^^^^^
  File "C:\Users\Nurzhan\PycharmProjects\gb_django_final\.venv\Lib\site-packages\django\contrib\messages\middleware.py", line 12, in process_request
    request._messages = default_storage(request)
                        ^^^^^^^^^^^^^^^^^^^^^^^^
  File "C:\Users\Nurzhan\PycharmProjects\gb_django_final\.venv\Lib\site-packages\django\contrib\messages\storage\__init__.py", line 12, in default_storage
    return import_string(settings.MESSAGE_STORAGE)(request)
           ^^^^^^^^^^^^^^^^^^^^^^^^^^^^^^^^^^^^^^^^^^^^^^^^
  File "C:\Users\Nurzhan\PycharmProjects\gb_django_final\.venv\Lib\site-packages\django\contrib\messages\storage\fallback.py", line 16, in __init__
    self.storages = [
                    ^
  File "C:\Users\Nurzhan\PycharmProjects\gb_django_final\.venv\Lib\site-packages\django\contrib\messages\storage\fallback.py", line 17, in <listcomp>
    storage_class(*args, **kwargs) for storage_class in self.storage_classes
    ^^^^^^^^^^^^^^^^^^^^^^^^^^^^^^
  File "C:\Users\Nurzhan\PycharmProjects\gb_django_final\.venv\Lib\site-packages\django\contrib\messages\storage\cookie.py", line 92, in __init__
    self.signer = signing.get_cookie_signer(salt=self.key_salt)
                  ^^^^^^^^^^^^^^^^^^^^^^^^^^^^^^^^^^^^^^^^^^^^^
  File "C:\Users\Nurzhan\PycharmProjects\gb_django_final\.venv\Lib\site-packages\django\core\signing.py", line 112, in get_cookie_signer
    key=_cookie_signer_key(settings.SECRET_KEY),
                           ^^^^^^^^^^^^^^^^^^^
  File "C:\Users\Nurzhan\PycharmProjects\gb_django_final\.venv\Lib\site-packages\django\conf\__init__.py", line 90, in __getattr__
    raise ImproperlyConfigured("The SECRET_KEY setting must not be empty.")
django.core.exceptions.ImproperlyConfigured: The SECRET_KEY setting must not be empty.
ERROR 2024-10-02 12:43:34,156 basehttp 27352 11616 "GET /login/ HTTP/1.1" 500 1565
ERROR 2024-10-02 12:43:34,959 log 27352 11616 Internal Server Error: /login/
Traceback (most recent call last):
  File "C:\Users\Nurzhan\PycharmProjects\gb_django_final\.venv\Lib\site-packages\django\core\handlers\exception.py", line 55, in inner
    response = get_response(request)
               ^^^^^^^^^^^^^^^^^^^^^
  File "C:\Users\Nurzhan\PycharmProjects\gb_django_final\.venv\Lib\site-packages\django\utils\deprecation.py", line 128, in __call__
    response = self.process_request(request)
               ^^^^^^^^^^^^^^^^^^^^^^^^^^^^^
  File "C:\Users\Nurzhan\PycharmProjects\gb_django_final\.venv\Lib\site-packages\django\contrib\messages\middleware.py", line 12, in process_request
    request._messages = default_storage(request)
                        ^^^^^^^^^^^^^^^^^^^^^^^^
  File "C:\Users\Nurzhan\PycharmProjects\gb_django_final\.venv\Lib\site-packages\django\contrib\messages\storage\__init__.py", line 12, in default_storage
    return import_string(settings.MESSAGE_STORAGE)(request)
           ^^^^^^^^^^^^^^^^^^^^^^^^^^^^^^^^^^^^^^^^^^^^^^^^
  File "C:\Users\Nurzhan\PycharmProjects\gb_django_final\.venv\Lib\site-packages\django\contrib\messages\storage\fallback.py", line 16, in __init__
    self.storages = [
                    ^
  File "C:\Users\Nurzhan\PycharmProjects\gb_django_final\.venv\Lib\site-packages\django\contrib\messages\storage\fallback.py", line 17, in <listcomp>
    storage_class(*args, **kwargs) for storage_class in self.storage_classes
    ^^^^^^^^^^^^^^^^^^^^^^^^^^^^^^
  File "C:\Users\Nurzhan\PycharmProjects\gb_django_final\.venv\Lib\site-packages\django\contrib\messages\storage\cookie.py", line 92, in __init__
    self.signer = signing.get_cookie_signer(salt=self.key_salt)
                  ^^^^^^^^^^^^^^^^^^^^^^^^^^^^^^^^^^^^^^^^^^^^^
  File "C:\Users\Nurzhan\PycharmProjects\gb_django_final\.venv\Lib\site-packages\django\core\signing.py", line 112, in get_cookie_signer
    key=_cookie_signer_key(settings.SECRET_KEY),
                           ^^^^^^^^^^^^^^^^^^^
  File "C:\Users\Nurzhan\PycharmProjects\gb_django_final\.venv\Lib\site-packages\django\conf\__init__.py", line 90, in __getattr__
    raise ImproperlyConfigured("The SECRET_KEY setting must not be empty.")
django.core.exceptions.ImproperlyConfigured: The SECRET_KEY setting must not be empty.
ERROR 2024-10-02 12:43:34,961 basehttp 27352 11616 "GET /login/ HTTP/1.1" 500 1565
ERROR 2024-10-02 12:43:35,348 log 27352 11616 Internal Server Error: /login/
Traceback (most recent call last):
  File "C:\Users\Nurzhan\PycharmProjects\gb_django_final\.venv\Lib\site-packages\django\core\handlers\exception.py", line 55, in inner
    response = get_response(request)
               ^^^^^^^^^^^^^^^^^^^^^
  File "C:\Users\Nurzhan\PycharmProjects\gb_django_final\.venv\Lib\site-packages\django\utils\deprecation.py", line 128, in __call__
    response = self.process_request(request)
               ^^^^^^^^^^^^^^^^^^^^^^^^^^^^^
  File "C:\Users\Nurzhan\PycharmProjects\gb_django_final\.venv\Lib\site-packages\django\contrib\messages\middleware.py", line 12, in process_request
    request._messages = default_storage(request)
                        ^^^^^^^^^^^^^^^^^^^^^^^^
  File "C:\Users\Nurzhan\PycharmProjects\gb_django_final\.venv\Lib\site-packages\django\contrib\messages\storage\__init__.py", line 12, in default_storage
    return import_string(settings.MESSAGE_STORAGE)(request)
           ^^^^^^^^^^^^^^^^^^^^^^^^^^^^^^^^^^^^^^^^^^^^^^^^
  File "C:\Users\Nurzhan\PycharmProjects\gb_django_final\.venv\Lib\site-packages\django\contrib\messages\storage\fallback.py", line 16, in __init__
    self.storages = [
                    ^
  File "C:\Users\Nurzhan\PycharmProjects\gb_django_final\.venv\Lib\site-packages\django\contrib\messages\storage\fallback.py", line 17, in <listcomp>
    storage_class(*args, **kwargs) for storage_class in self.storage_classes
    ^^^^^^^^^^^^^^^^^^^^^^^^^^^^^^
  File "C:\Users\Nurzhan\PycharmProjects\gb_django_final\.venv\Lib\site-packages\django\contrib\messages\storage\cookie.py", line 92, in __init__
    self.signer = signing.get_cookie_signer(salt=self.key_salt)
                  ^^^^^^^^^^^^^^^^^^^^^^^^^^^^^^^^^^^^^^^^^^^^^
  File "C:\Users\Nurzhan\PycharmProjects\gb_django_final\.venv\Lib\site-packages\django\core\signing.py", line 112, in get_cookie_signer
    key=_cookie_signer_key(settings.SECRET_KEY),
                           ^^^^^^^^^^^^^^^^^^^
  File "C:\Users\Nurzhan\PycharmProjects\gb_django_final\.venv\Lib\site-packages\django\conf\__init__.py", line 90, in __getattr__
    raise ImproperlyConfigured("The SECRET_KEY setting must not be empty.")
django.core.exceptions.ImproperlyConfigured: The SECRET_KEY setting must not be empty.
ERROR 2024-10-02 12:43:35,351 basehttp 27352 11616 "GET /login/ HTTP/1.1" 500 1565
ERROR 2024-10-02 12:43:36,393 log 27352 11616 Internal Server Error: /
Traceback (most recent call last):
  File "C:\Users\Nurzhan\PycharmProjects\gb_django_final\.venv\Lib\site-packages\django\core\handlers\exception.py", line 55, in inner
    response = get_response(request)
               ^^^^^^^^^^^^^^^^^^^^^
  File "C:\Users\Nurzhan\PycharmProjects\gb_django_final\.venv\Lib\site-packages\django\utils\deprecation.py", line 128, in __call__
    response = self.process_request(request)
               ^^^^^^^^^^^^^^^^^^^^^^^^^^^^^
  File "C:\Users\Nurzhan\PycharmProjects\gb_django_final\.venv\Lib\site-packages\django\contrib\messages\middleware.py", line 12, in process_request
    request._messages = default_storage(request)
                        ^^^^^^^^^^^^^^^^^^^^^^^^
  File "C:\Users\Nurzhan\PycharmProjects\gb_django_final\.venv\Lib\site-packages\django\contrib\messages\storage\__init__.py", line 12, in default_storage
    return import_string(settings.MESSAGE_STORAGE)(request)
           ^^^^^^^^^^^^^^^^^^^^^^^^^^^^^^^^^^^^^^^^^^^^^^^^
  File "C:\Users\Nurzhan\PycharmProjects\gb_django_final\.venv\Lib\site-packages\django\contrib\messages\storage\fallback.py", line 16, in __init__
    self.storages = [
                    ^
  File "C:\Users\Nurzhan\PycharmProjects\gb_django_final\.venv\Lib\site-packages\django\contrib\messages\storage\fallback.py", line 17, in <listcomp>
    storage_class(*args, **kwargs) for storage_class in self.storage_classes
    ^^^^^^^^^^^^^^^^^^^^^^^^^^^^^^
  File "C:\Users\Nurzhan\PycharmProjects\gb_django_final\.venv\Lib\site-packages\django\contrib\messages\storage\cookie.py", line 92, in __init__
    self.signer = signing.get_cookie_signer(salt=self.key_salt)
                  ^^^^^^^^^^^^^^^^^^^^^^^^^^^^^^^^^^^^^^^^^^^^^
  File "C:\Users\Nurzhan\PycharmProjects\gb_django_final\.venv\Lib\site-packages\django\core\signing.py", line 112, in get_cookie_signer
    key=_cookie_signer_key(settings.SECRET_KEY),
                           ^^^^^^^^^^^^^^^^^^^
  File "C:\Users\Nurzhan\PycharmProjects\gb_django_final\.venv\Lib\site-packages\django\conf\__init__.py", line 90, in __getattr__
    raise ImproperlyConfigured("The SECRET_KEY setting must not be empty.")
django.core.exceptions.ImproperlyConfigured: The SECRET_KEY setting must not be empty.
ERROR 2024-10-02 12:43:36,395 basehttp 27352 11616 "GET / HTTP/1.1" 500 1565
ERROR 2024-10-02 12:43:37,085 log 27352 11616 Internal Server Error: /
Traceback (most recent call last):
  File "C:\Users\Nurzhan\PycharmProjects\gb_django_final\.venv\Lib\site-packages\django\core\handlers\exception.py", line 55, in inner
    response = get_response(request)
               ^^^^^^^^^^^^^^^^^^^^^
  File "C:\Users\Nurzhan\PycharmProjects\gb_django_final\.venv\Lib\site-packages\django\utils\deprecation.py", line 128, in __call__
    response = self.process_request(request)
               ^^^^^^^^^^^^^^^^^^^^^^^^^^^^^
  File "C:\Users\Nurzhan\PycharmProjects\gb_django_final\.venv\Lib\site-packages\django\contrib\messages\middleware.py", line 12, in process_request
    request._messages = default_storage(request)
                        ^^^^^^^^^^^^^^^^^^^^^^^^
  File "C:\Users\Nurzhan\PycharmProjects\gb_django_final\.venv\Lib\site-packages\django\contrib\messages\storage\__init__.py", line 12, in default_storage
    return import_string(settings.MESSAGE_STORAGE)(request)
           ^^^^^^^^^^^^^^^^^^^^^^^^^^^^^^^^^^^^^^^^^^^^^^^^
  File "C:\Users\Nurzhan\PycharmProjects\gb_django_final\.venv\Lib\site-packages\django\contrib\messages\storage\fallback.py", line 16, in __init__
    self.storages = [
                    ^
  File "C:\Users\Nurzhan\PycharmProjects\gb_django_final\.venv\Lib\site-packages\django\contrib\messages\storage\fallback.py", line 17, in <listcomp>
    storage_class(*args, **kwargs) for storage_class in self.storage_classes
    ^^^^^^^^^^^^^^^^^^^^^^^^^^^^^^
  File "C:\Users\Nurzhan\PycharmProjects\gb_django_final\.venv\Lib\site-packages\django\contrib\messages\storage\cookie.py", line 92, in __init__
    self.signer = signing.get_cookie_signer(salt=self.key_salt)
                  ^^^^^^^^^^^^^^^^^^^^^^^^^^^^^^^^^^^^^^^^^^^^^
  File "C:\Users\Nurzhan\PycharmProjects\gb_django_final\.venv\Lib\site-packages\django\core\signing.py", line 112, in get_cookie_signer
    key=_cookie_signer_key(settings.SECRET_KEY),
                           ^^^^^^^^^^^^^^^^^^^
  File "C:\Users\Nurzhan\PycharmProjects\gb_django_final\.venv\Lib\site-packages\django\conf\__init__.py", line 90, in __getattr__
    raise ImproperlyConfigured("The SECRET_KEY setting must not be empty.")
django.core.exceptions.ImproperlyConfigured: The SECRET_KEY setting must not be empty.
ERROR 2024-10-02 12:43:37,087 basehttp 27352 11616 "GET / HTTP/1.1" 500 1565
ERROR 2024-10-02 12:43:37,284 log 27352 11616 Internal Server Error: /
Traceback (most recent call last):
  File "C:\Users\Nurzhan\PycharmProjects\gb_django_final\.venv\Lib\site-packages\django\core\handlers\exception.py", line 55, in inner
    response = get_response(request)
               ^^^^^^^^^^^^^^^^^^^^^
  File "C:\Users\Nurzhan\PycharmProjects\gb_django_final\.venv\Lib\site-packages\django\utils\deprecation.py", line 128, in __call__
    response = self.process_request(request)
               ^^^^^^^^^^^^^^^^^^^^^^^^^^^^^
  File "C:\Users\Nurzhan\PycharmProjects\gb_django_final\.venv\Lib\site-packages\django\contrib\messages\middleware.py", line 12, in process_request
    request._messages = default_storage(request)
                        ^^^^^^^^^^^^^^^^^^^^^^^^
  File "C:\Users\Nurzhan\PycharmProjects\gb_django_final\.venv\Lib\site-packages\django\contrib\messages\storage\__init__.py", line 12, in default_storage
    return import_string(settings.MESSAGE_STORAGE)(request)
           ^^^^^^^^^^^^^^^^^^^^^^^^^^^^^^^^^^^^^^^^^^^^^^^^
  File "C:\Users\Nurzhan\PycharmProjects\gb_django_final\.venv\Lib\site-packages\django\contrib\messages\storage\fallback.py", line 16, in __init__
    self.storages = [
                    ^
  File "C:\Users\Nurzhan\PycharmProjects\gb_django_final\.venv\Lib\site-packages\django\contrib\messages\storage\fallback.py", line 17, in <listcomp>
    storage_class(*args, **kwargs) for storage_class in self.storage_classes
    ^^^^^^^^^^^^^^^^^^^^^^^^^^^^^^
  File "C:\Users\Nurzhan\PycharmProjects\gb_django_final\.venv\Lib\site-packages\django\contrib\messages\storage\cookie.py", line 92, in __init__
    self.signer = signing.get_cookie_signer(salt=self.key_salt)
                  ^^^^^^^^^^^^^^^^^^^^^^^^^^^^^^^^^^^^^^^^^^^^^
  File "C:\Users\Nurzhan\PycharmProjects\gb_django_final\.venv\Lib\site-packages\django\core\signing.py", line 112, in get_cookie_signer
    key=_cookie_signer_key(settings.SECRET_KEY),
                           ^^^^^^^^^^^^^^^^^^^
  File "C:\Users\Nurzhan\PycharmProjects\gb_django_final\.venv\Lib\site-packages\django\conf\__init__.py", line 90, in __getattr__
    raise ImproperlyConfigured("The SECRET_KEY setting must not be empty.")
django.core.exceptions.ImproperlyConfigured: The SECRET_KEY setting must not be empty.
ERROR 2024-10-02 12:43:37,286 basehttp 27352 11616 "GET / HTTP/1.1" 500 1565
ERROR 2024-10-02 12:43:40,138 log 27352 11616 Internal Server Error: /
Traceback (most recent call last):
  File "C:\Users\Nurzhan\PycharmProjects\gb_django_final\.venv\Lib\site-packages\django\core\handlers\exception.py", line 55, in inner
    response = get_response(request)
               ^^^^^^^^^^^^^^^^^^^^^
  File "C:\Users\Nurzhan\PycharmProjects\gb_django_final\.venv\Lib\site-packages\django\utils\deprecation.py", line 128, in __call__
    response = self.process_request(request)
               ^^^^^^^^^^^^^^^^^^^^^^^^^^^^^
  File "C:\Users\Nurzhan\PycharmProjects\gb_django_final\.venv\Lib\site-packages\django\contrib\messages\middleware.py", line 12, in process_request
    request._messages = default_storage(request)
                        ^^^^^^^^^^^^^^^^^^^^^^^^
  File "C:\Users\Nurzhan\PycharmProjects\gb_django_final\.venv\Lib\site-packages\django\contrib\messages\storage\__init__.py", line 12, in default_storage
    return import_string(settings.MESSAGE_STORAGE)(request)
           ^^^^^^^^^^^^^^^^^^^^^^^^^^^^^^^^^^^^^^^^^^^^^^^^
  File "C:\Users\Nurzhan\PycharmProjects\gb_django_final\.venv\Lib\site-packages\django\contrib\messages\storage\fallback.py", line 16, in __init__
    self.storages = [
                    ^
  File "C:\Users\Nurzhan\PycharmProjects\gb_django_final\.venv\Lib\site-packages\django\contrib\messages\storage\fallback.py", line 17, in <listcomp>
    storage_class(*args, **kwargs) for storage_class in self.storage_classes
    ^^^^^^^^^^^^^^^^^^^^^^^^^^^^^^
  File "C:\Users\Nurzhan\PycharmProjects\gb_django_final\.venv\Lib\site-packages\django\contrib\messages\storage\cookie.py", line 92, in __init__
    self.signer = signing.get_cookie_signer(salt=self.key_salt)
                  ^^^^^^^^^^^^^^^^^^^^^^^^^^^^^^^^^^^^^^^^^^^^^
  File "C:\Users\Nurzhan\PycharmProjects\gb_django_final\.venv\Lib\site-packages\django\core\signing.py", line 112, in get_cookie_signer
    key=_cookie_signer_key(settings.SECRET_KEY),
                           ^^^^^^^^^^^^^^^^^^^
  File "C:\Users\Nurzhan\PycharmProjects\gb_django_final\.venv\Lib\site-packages\django\conf\__init__.py", line 90, in __getattr__
    raise ImproperlyConfigured("The SECRET_KEY setting must not be empty.")
django.core.exceptions.ImproperlyConfigured: The SECRET_KEY setting must not be empty.
ERROR 2024-10-02 12:43:40,140 basehttp 27352 11616 "GET / HTTP/1.1" 500 1565
INFO 2024-10-02 12:44:53,907 autoreload 27352 4056 C:\Users\Nurzhan\PycharmProjects\gb_django_final\gb_django_final\settings.py changed, reloading.
INFO 2024-10-02 12:44:54,282 autoreload 18928 21548 Watching for file changes with StatReloader
INFO 2024-10-02 12:45:37,977 autoreload 17580 2720 Watching for file changes with StatReloader
WARNING 2024-10-02 12:45:39,483 base 17580 28240 Session data corrupted
INFO 2024-10-02 12:45:39,493 basehttp 17580 28240 "GET / HTTP/1.1" 302 0
WARNING 2024-10-02 12:45:39,538 base 17580 28240 Session data corrupted
INFO 2024-10-02 12:45:39,543 basehttp 17580 28240 "GET /login/?next=/ HTTP/1.1" 200 2086
WARNING 2024-10-02 12:45:42,322 base 17580 28240 Session data corrupted
INFO 2024-10-02 12:45:42,333 basehttp 17580 28240 "POST /login/?next=/ HTTP/1.1" 302 0
INFO 2024-10-02 12:45:42,341 basehttp 17580 28240 "GET / HTTP/1.1" 200 4426
WARNING 2024-10-02 12:45:42,392 log 17580 28240 Not Found: /media/recipe_images/salad.jpg
WARNING 2024-10-02 12:45:42,393 log 17580 17036 Not Found: /media/recipe_images/sauce_tDG5021.jpg
WARNING 2024-10-02 12:45:42,393 basehttp 17580 28240 "GET /media/recipe_images/salad.jpg HTTP/1.1" 404 1692
WARNING 2024-10-02 12:45:42,393 basehttp 17580 17036 "GET /media/recipe_images/sauce_tDG5021.jpg HTTP/1.1" 404 1692
INFO 2024-10-02 12:45:48,398 basehttp 17580 17036 "GET /recipes/ HTTP/1.1" 200 5003
INFO 2024-10-02 12:48:06,686 basehttp 17580 17036 "GET / HTTP/1.1" 200 4179
WARNING 2024-10-02 12:48:06,765 log 17580 17036 Not Found: /media/recipe_images/sauce_tDG5021.jpg
WARNING 2024-10-02 12:48:06,766 basehttp 17580 17036 "GET /media/recipe_images/sauce_tDG5021.jpg HTTP/1.1" 404 1692
INFO 2024-10-02 12:48:59,394 basehttp 17580 17036 "GET /recipes/14/ HTTP/1.1" 200 2707
INFO 2024-10-02 12:49:03,450 basehttp 17580 17036 "GET /recipes/9/ HTTP/1.1" 200 2783
WARNING 2024-10-02 12:49:03,508 log 17580 17036 Not Found: /media/recipe_images/sauce_tDG5021.jpg
WARNING 2024-10-02 12:49:03,508 basehttp 17580 17036 "GET /media/recipe_images/sauce_tDG5021.jpg HTTP/1.1" 404 1692
INFO 2024-10-02 12:49:08,501 basehttp 17580 17036 "GET /recipes/ HTTP/1.1" 200 5003
INFO 2024-10-02 12:49:12,237 basehttp 17580 17036 "GET /recipes/9/update/ HTTP/1.1" 302 0
WARNING 2024-10-02 12:49:12,245 log 17580 17036 Forbidden: /wrong_user_error/
WARNING 2024-10-02 12:49:12,246 basehttp 17580 17036 "GET /wrong_user_error/ HTTP/1.1" 403 1694
INFO 2024-10-02 12:49:15,545 basehttp 17580 17036 "GET /logout/ HTTP/1.1" 302 0
INFO 2024-10-02 12:49:15,550 basehttp 17580 17036 "GET / HTTP/1.1" 302 0
INFO 2024-10-02 12:49:15,554 basehttp 17580 17036 "GET /login/?next=/ HTTP/1.1" 200 2086
INFO 2024-10-02 12:49:30,604 basehttp 17580 17036 "POST /login/?next=/ HTTP/1.1" 302 0
INFO 2024-10-02 12:49:30,610 basehttp 17580 17036 "GET / HTTP/1.1" 200 3993
INFO 2024-10-02 12:49:43,008 basehttp 17580 17036 "GET /recipes/ HTTP/1.1" 200 5001
INFO 2024-10-02 12:49:46,355 basehttp 17580 17036 "GET /recipes/9/update/ HTTP/1.1" 200 5379
INFO 2024-10-02 12:50:12,747 basehttp 17580 17036 "POST /recipes/9/update/ HTTP/1.1" 302 0
INFO 2024-10-02 12:50:12,755 basehttp 17580 17036 "GET /recipes/9/ HTTP/1.1" 200 2763
WARNING 2024-10-02 12:50:12,792 log 17580 17036 Not Found: /media/recipe_images/sauce_ywUrkAS.jpg
WARNING 2024-10-02 12:50:12,792 basehttp 17580 17036 "GET /media/recipe_images/sauce_ywUrkAS.jpg HTTP/1.1" 404 1690
INFO 2024-10-02 12:50:16,073 basehttp 17580 17036 "GET /recipes/9/ HTTP/1.1" 200 2763
WARNING 2024-10-02 12:50:16,122 log 17580 17036 Not Found: /media/recipe_images/sauce_ywUrkAS.jpg
WARNING 2024-10-02 12:50:16,122 basehttp 17580 17036 "GET /media/recipe_images/sauce_ywUrkAS.jpg HTTP/1.1" 404 1690
INFO 2024-10-02 12:50:16,569 basehttp 17580 17036 "GET /recipes/9/ HTTP/1.1" 200 2763
WARNING 2024-10-02 12:50:16,605 log 17580 17036 Not Found: /media/recipe_images/sauce_ywUrkAS.jpg
WARNING 2024-10-02 12:50:16,605 basehttp 17580 17036 "GET /media/recipe_images/sauce_ywUrkAS.jpg HTTP/1.1" 404 1690
INFO 2024-10-02 12:50:16,755 basehttp 17580 17036 "GET /recipes/9/ HTTP/1.1" 200 2763
WARNING 2024-10-02 12:50:16,787 log 17580 17036 Not Found: /media/recipe_images/sauce_ywUrkAS.jpg
WARNING 2024-10-02 12:50:16,787 basehttp 17580 17036 "GET /media/recipe_images/sauce_ywUrkAS.jpg HTTP/1.1" 404 1690
INFO 2024-10-02 12:50:16,932 basehttp 17580 17036 "GET /recipes/9/ HTTP/1.1" 200 2763
WARNING 2024-10-02 12:50:16,962 log 17580 17036 Not Found: /media/recipe_images/sauce_ywUrkAS.jpg
WARNING 2024-10-02 12:50:16,963 basehttp 17580 17036 "GET /media/recipe_images/sauce_ywUrkAS.jpg HTTP/1.1" 404 1690
INFO 2024-10-02 12:50:17,092 basehttp 17580 17036 "GET /recipes/9/ HTTP/1.1" 200 2763
WARNING 2024-10-02 12:50:17,129 log 17580 17036 Not Found: /media/recipe_images/sauce_ywUrkAS.jpg
WARNING 2024-10-02 12:50:17,129 basehttp 17580 17036 "GET /media/recipe_images/sauce_ywUrkAS.jpg HTTP/1.1" 404 1690
INFO 2024-10-02 12:51:20,920 basehttp 17580 17036 "GET /recipes/9/update/ HTTP/1.1" 200 5388
INFO 2024-10-02 12:51:33,154 basehttp 17580 17036 "POST /recipes/9/update/ HTTP/1.1" 200 5526
INFO 2024-10-02 12:51:46,294 basehttp 17580 17036 "POST /recipes/9/update/ HTTP/1.1" 302 0
INFO 2024-10-02 12:51:46,304 basehttp 17580 17036 "GET /recipes/9/ HTTP/1.1" 200 2763
WARNING 2024-10-02 12:51:46,358 log 17580 17036 Not Found: /media/recipe_images/sauce_LWVxhhW.jpg
WARNING 2024-10-02 12:51:46,359 basehttp 17580 17036 "GET /media/recipe_images/sauce_LWVxhhW.jpg HTTP/1.1" 404 1690
INFO 2024-10-02 12:51:50,281 basehttp 17580 17036 "GET /recipes/9/update/ HTTP/1.1" 200 5388
INFO 2024-10-02 12:51:53,147 basehttp 17580 17036 "POST /recipes/9/update/ HTTP/1.1" 200 5526
INFO 2024-10-02 12:52:01,251 basehttp 17580 17036 "POST /recipes/9/update/ HTTP/1.1" 302 0
INFO 2024-10-02 12:52:01,259 basehttp 17580 17036 "GET /recipes/9/ HTTP/1.1" 200 2730
INFO 2024-10-02 12:52:32,328 basehttp 17580 17036 "GET / HTTP/1.1" 200 4068
INFO 2024-10-02 12:52:35,234 basehttp 17580 17036 "GET /logout/ HTTP/1.1" 302 0
INFO 2024-10-02 12:52:35,239 basehttp 17580 17036 "GET / HTTP/1.1" 302 0
INFO 2024-10-02 12:52:35,246 basehttp 17580 17036 "GET /login/?next=/ HTTP/1.1" 200 2086
WARNING 2024-10-03 04:27:04,159 log 2 127323650131840 Not Found: /favicon.ico
WARNING 2024-10-03 04:27:26,577 log 2 127323650131840 Not Found: /media/recipe_images/cake.webp
WARNING 2024-10-03 04:27:26,596 log 2 127323650131840 Not Found: /media/recipe_images/cin.webp
WARNING 2024-10-03 04:27:26,780 log 2 127323650131840 Not Found: /media/recipe_images/marga.webp
WARNING 2024-10-03 04:27:26,800 log 2 127323650131840 Not Found: /media/recipe_images/salad.jpg
WARNING 2024-10-03 04:29:54,936 log 2 137246360196992 Not Found: /media/recipe_images/marga.webp
WARNING 2024-10-03 04:29:54,949 log 2 137246360196992 Not Found: /media/recipe_images/cake.webp
WARNING 2024-10-03 04:29:55,162 log 2 137246360196992 Not Found: /media/recipe_images/salad.jpg
WARNING 2024-10-03 04:29:55,182 log 2 137246360196992 Not Found: /media/recipe_images/french1.jpg
WARNING 2024-10-03 04:29:59,491 log 2 137246360196992 Not Found: /static/admin/css/base.css
WARNING 2024-10-03 04:29:59,511 log 2 137246360196992 Not Found: /static/admin/css/dark_mode.css
WARNING 2024-10-03 04:29:59,529 log 2 137246360196992 Not Found: /static/admin/js/theme.js
WARNING 2024-10-03 04:29:59,694 log 2 137246360196992 Not Found: /static/admin/css/nav_sidebar.css
WARNING 2024-10-03 04:29:59,711 log 2 137246360196992 Not Found: /static/admin/css/dashboard.css
WARNING 2024-10-03 04:29:59,738 log 2 137246360196992 Not Found: /static/admin/css/responsive.css
WARNING 2024-10-03 04:29:59,836 log 2 137246360196992 Not Found: /static/admin/js/nav_sidebar.js
WARNING 2024-10-03 04:36:37,277 log 2 137246360196992 Not Found: /media/recipe_images/cake.webp
WARNING 2024-10-03 04:36:37,318 log 2 137246360196992 Not Found: /media/recipe_images/apple_jNWo8qJ.webp
WARNING 2024-10-03 04:36:37,494 log 2 137246360196992 Not Found: /media/recipe_images/french1.jpg
WARNING 2024-10-03 04:36:37,537 log 2 137246360196992 Not Found: /media/recipe_images/marga.webp
WARNING 2024-10-03 04:36:37,635 log 2 137246360196992 Not Found: /media/recipe_images/salad.jpg
WARNING 2024-10-03 04:36:40,204 log 2 137246360196992 Not Found: /media/recipe_images/apple_jNWo8qJ.webp
WARNING 2024-10-03 04:36:40,229 log 2 137246360196992 Not Found: /media/recipe_images/jala.jpg
WARNING 2024-10-03 04:36:40,249 log 2 137246360196992 Not Found: /media/recipe_images/salad.jpg
WARNING 2024-10-03 04:36:40,266 log 2 137246360196992 Not Found: /media/recipe_images/cin.webp
WARNING 2024-10-03 04:36:46,757 log 2 137246360196992 Not Found: /static/admin/css/dark_mode.css
WARNING 2024-10-03 04:36:46,784 log 2 137246360196992 Not Found: /static/admin/js/theme.js
WARNING 2024-10-03 04:37:03,799 log 2 137246360196992 Not Found: /static/admin/js/theme.js
WARNING 2024-10-03 04:37:03,819 log 2 137246360196992 Not Found: /static/admin/css/dark_mode.css
WARNING 2024-10-03 04:37:31,343 log 2 137246360196992 Not Found: /media/recipe_images/marga.webp
WARNING 2024-10-03 04:37:31,372 log 2 137246360196992 Not Found: /media/recipe_images/cake.webp
WARNING 2024-10-03 04:37:31,408 log 2 137246360196992 Not Found: /media/recipe_images/cin.webp
WARNING 2024-10-03 04:37:31,549 log 2 137246360196992 Not Found: /media/recipe_images/apple_jNWo8qJ.webp
WARNING 2024-10-10 03:37:20,935 log 2 131654720132992 Not Found: /favicon.ico
WARNING 2024-10-11 02:22:37,323 log 2 127319530649472 Not Found: /media/recipe_images/marga.webp
WARNING 2024-10-11 02:22:37,492 log 2 127319530649472 Not Found: /media/recipe_images/cake.webp
WARNING 2024-10-11 02:22:37,544 log 2 127319530649472 Not Found: /media/recipe_images/apple_jNWo8qJ.webp
WARNING 2024-10-11 02:22:37,657 log 2 127319530649472 Not Found: /media/recipe_images/jala.jpg
WARNING 2024-10-11 02:22:37,701 log 2 127319530649472 Not Found: /media/recipe_images/french1.jpg
WARNING 2024-10-11 02:22:37,934 log 2 127319530649472 Not Found: /favicon.ico
WARNING 2024-10-12 02:45:15,418 log 2 127319530649472 Not Found: /media/recipe_images/french1.jpg
WARNING 2024-10-12 02:45:15,597 log 2 127319530649472 Not Found: /media/recipe_images/cin.webp
WARNING 2024-10-12 02:45:15,653 log 2 127319530649472 Not Found: /media/recipe_images/salad.jpg
WARNING 2024-10-12 02:45:15,765 log 2 127319530649472 Not Found: /media/recipe_images/apple_jNWo8qJ.webp
WARNING 2024-10-12 02:45:15,993 log 2 127319530649472 Not Found: /favicon.ico
WARNING 2024-10-13 17:35:22,656 log 2 136813136586624 Not Found: /media/recipe_images/apple_jNWo8qJ.webp
WARNING 2024-10-13 17:35:22,674 log 2 136813136586624 Not Found: /media/recipe_images/salad.jpg
WARNING 2024-10-13 17:35:22,923 log 2 136813136586624 Not Found: /media/recipe_images/marga.webp
WARNING 2024-10-13 17:35:22,938 log 2 136813136586624 Not Found: /media/recipe_images/french1.jpg
WARNING 2024-10-13 17:35:23,213 log 2 136813136586624 Not Found: /favicon.ico
WARNING 2024-10-26 03:30:11,436 log 2 123543617304448 Not Found: /favicon.ico
WARNING 2024-10-26 03:30:26,548 log 2 123543617304448 Not Found: /media/recipe_images/apple_jNWo8qJ.webp
WARNING 2024-10-26 03:30:26,566 log 2 123543617304448 Not Found: /media/recipe_images/cake.webp
WARNING 2024-10-26 03:30:26,753 log 2 123543617304448 Not Found: /media/recipe_images/salad.jpg
WARNING 2024-10-26 03:30:26,767 log 2 123543617304448 Not Found: /media/recipe_images/french1.jpg
WARNING 2024-10-26 03:30:43,868 log 2 123543617304448 Not Found: /media/recipe_images/cin.webp
WARNING 2024-10-26 03:31:02,083 log 2 123543617304448 Not Found: /media/recipe_images/french1.jpg
WARNING 2024-10-26 03:32:20,773 log 2 123543617304448 Not Found: /media/recipe_images/c4fe8c2ff37b6b2a5f8b245c175f8f45.png
WARNING 2024-10-27 05:05:35,361 log 2 138487115790208 Not Found: /media/recipe_images/c4fe8c2ff37b6b2a5f8b245c175f8f45.png
WARNING 2024-10-27 05:05:35,547 log 2 138487115790208 Not Found: /media/recipe_images/jala.jpg
WARNING 2024-10-27 05:05:35,563 log 2 138487115790208 Not Found: /media/recipe_images/cin.webp
WARNING 2024-10-27 05:05:35,722 log 2 138487115790208 Not Found: /media/recipe_images/apple_jNWo8qJ.webp
WARNING 2024-10-27 05:05:35,950 log 2 138487115790208 Not Found: /favicon.ico
WARNING 2024-10-27 05:05:44,446 log 2 138487115790208 Not Found: /media/recipe_images/c4fe8c2ff37b6b2a5f8b245c175f8f45.png
WARNING 2024-10-27 05:05:44,460 log 2 138487115790208 Not Found: /media/recipe_images/apple_jNWo8qJ.webp
WARNING 2024-10-27 05:05:44,473 log 2 138487115790208 Not Found: /media/recipe_images/cake.webp
WARNING 2024-10-27 05:05:44,488 log 2 138487115790208 Not Found: /media/recipe_images/marga.webp
WARNING 2024-10-27 05:07:51,224 log 2 138487115790208 Not Found: /media/recipes/apple.webp
WARNING 2024-10-27 05:08:18,245 log 2 138487115790208 Not Found: /media/recipe_images/apple.webp
WARNING 2024-10-27 05:08:20,382 log 2 138487115790208 Not Found: /media/recipe_images/apple.webp
WARNING 2024-10-27 05:13:31,719 log 2 138487115790208 Not Found: /media/recipe_images/marga.webp
WARNING 2024-10-27 05:13:31,734 log 2 138487115790208 Not Found: /media/recipe_images/salad.jpg
WARNING 2024-10-27 05:13:31,923 log 2 138487115790208 Not Found: /media/recipe_images/apple_jNWo8qJ.webp
WARNING 2024-10-27 05:13:31,939 log 2 138487115790208 Not Found: /media/recipe_images/cin.webp
WARNING 2024-10-27 05:13:32,082 log 2 138487115790208 Not Found: /media/recipe_images/cake.webp
WARNING 2024-10-27 05:14:20,773 log 2 131714778081152 Not Found: /media/recipe_images/apple.webp
WARNING 2024-10-27 05:14:22,037 log 2 131714778081152 Not Found: /media/recipe_images/apple.webp
WARNING 2024-10-27 05:14:25,100 log 2 131714778081152 Not Found: /media/recipe_images/apple_jNWo8qJ.webp
WARNING 2024-10-27 05:14:25,117 log 2 131714778081152 Not Found: /media/recipe_images/cin.webp
WARNING 2024-10-27 05:14:25,133 log 2 131714778081152 Not Found: /media/recipe_images/c4fe8c2ff37b6b2a5f8b245c175f8f45.png
WARNING 2024-10-27 05:14:25,152 log 2 131714778081152 Not Found: /media/recipe_images/salad.jpg
WARNING 2024-10-27 05:15:29,009 log 2 139061746722688 Not Found: /media/recipe_images/jala.jpg
WARNING 2024-10-27 05:15:29,030 log 2 139061746722688 Not Found: /media/recipe_images/c4fe8c2ff37b6b2a5f8b245c175f8f45.png
WARNING 2024-10-27 05:15:29,058 log 2 139061746722688 Not Found: /media/recipe_images/marga.webp
WARNING 2024-10-27 05:15:29,086 log 2 139061746722688 Not Found: /media/recipe_images/cin.webp
WARNING 2024-10-27 05:17:12,731 log 2 139061746722688 Not Found: /media/recipe_images/apple_jNWo8qJ.webp
WARNING 2024-10-27 05:27:26,501 log 2 131831330813824 Not Found: /media/recipe_images/jala.jpg
WARNING 2024-10-27 05:27:26,522 log 2 131831330813824 Not Found: /media/recipe_images/cin.webp
WARNING 2024-10-27 05:27:26,714 log 2 131831330813824 Not Found: /media/recipe_images/apple_jNWo8qJ.webp
WARNING 2024-10-27 05:27:26,732 log 2 131831330813824 Not Found: /media/recipe_images/salad.jpg
WARNING 2024-10-27 05:27:30,944 log 2 131831330813824 Not Found: /media/recipe_images/apple_jNWo8qJ.webp
WARNING 2024-10-27 05:27:30,960 log 2 131831330813824 Not Found: /media/recipe_images/marga.webp
WARNING 2024-10-27 05:27:30,978 log 2 131831330813824 Not Found: /media/recipe_images/jala.jpg
WARNING 2024-10-27 05:27:30,994 log 2 131831330813824 Not Found: /media/recipe_images/cin.webp
WARNING 2024-10-27 05:28:45,178 log 2 131831330813824 Not Found: /media/recipe_images/marga.webp
WARNING 2024-10-27 05:28:45,198 log 2 131831330813824 Not Found: /media/recipe_images/cin.webp
WARNING 2024-10-27 05:28:45,381 log 2 131831330813824 Not Found: /media/recipe_images/apple_jNWo8qJ.webp
WARNING 2024-10-27 05:28:45,409 log 2 131831330813824 Not Found: /media/recipe_images/cake.webp
WARNING 2024-10-27 05:28:45,539 log 2 131831330813824 Not Found: /media/recipe_images/salad.jpg
WARNING 2024-10-27 05:42:28,028 log 2 133214003312512 Not Found: /media/recipe_images/salad.jpg
WARNING 2024-10-27 05:42:28,043 log 2 133214003312512 Not Found: /media/recipe_images/marga.webp
WARNING 2024-10-27 05:42:28,242 log 2 133214003312512 Not Found: /media/recipe_images/cake.webp
WARNING 2024-10-27 05:42:28,266 log 2 133214003312512 Not Found: /media/recipe_images/jala.jpg
WARNING 2024-10-27 05:42:28,402 log 2 133214003312512 Not Found: /media/recipe_images/cin.webp
WARNING 2024-10-27 05:43:55,114 log 2 139008136554368 Not Found: /media/recipe_images/salad.jpg
WARNING 2024-10-27 05:43:55,141 log 2 139008136554368 Not Found: /media/recipe_images/jala.jpg
WARNING 2024-10-27 05:43:55,326 log 2 139008136554368 Not Found: /media/recipe_images/cin.webp
WARNING 2024-10-27 05:43:55,356 log 2 139008136554368 Not Found: /media/recipe_images/apple_jNWo8qJ.webp
WARNING 2024-10-27 05:47:03,345 log 2 126905856071552 Not Found: /media/recipe_images/cake.webp
WARNING 2024-10-27 05:47:03,420 log 2 126905856071552 Not Found: /media/recipe_images/salad.jpg
WARNING 2024-10-27 05:47:10,998 log 2 126905856071552 Not Found: /media/recipe_images/salad.jpg
WARNING 2024-10-27 05:47:11,016 log 2 126905856071552 Not Found: /media/recipe_images/jala.jpg
WARNING 2024-10-27 05:47:11,056 log 2 126905856071552 Not Found: /media/recipe_images/cin.webp
WARNING 2024-10-27 05:47:11,219 log 2 126905856071552 Not Found: /media/recipe_images/marga.webp
WARNING 2024-10-27 05:47:48,536 log 2 126905856071552 Not Found: /media/recipe_images/c4fe8c2ff37b6b2a5f8b245c175f8f45.png
WARNING 2024-10-27 05:47:48,550 log 2 126905856071552 Not Found: /media/recipe_images/marga.webp
WARNING 2024-10-27 05:47:48,566 log 2 126905856071552 Not Found: /media/recipe_images/cin.webp
WARNING 2024-10-27 05:47:48,579 log 2 126905856071552 Not Found: /media/recipe_images/jala.jpg
WARNING 2024-10-27 06:07:55,331 log 2 126905856071552 Not Found: /media/recipe_images/marga.webp
WARNING 2024-10-27 06:07:55,345 log 2 126905856071552 Not Found: /media/recipe_images/cin.webp
WARNING 2024-10-27 06:07:55,533 log 2 126905856071552 Not Found: /media/recipe_images/salad.jpg
WARNING 2024-10-27 06:07:55,546 log 2 126905856071552 Not Found: /media/recipe_images/apple_jNWo8qJ.webp
WARNING 2024-10-27 06:07:55,695 log 2 126905856071552 Not Found: /media/recipe_images/jala.jpg
WARNING 2024-10-27 06:15:12,335 log 2 126485494904704 Not Found: /media/recipe_images/c4fe8c2ff37b6b2a5f8b245c175f8f45.png
WARNING 2024-10-27 06:15:12,374 log 2 126485494904704 Not Found: /media/recipe_images/apple_jNWo8qJ.webp
WARNING 2024-10-27 06:15:12,542 log 2 126485494904704 Not Found: /media/recipe_images/cake.webp
WARNING 2024-10-27 06:15:12,587 log 2 126485494904704 Not Found: /media/recipe_images/marga.webp
WARNING 2024-10-27 06:15:12,693 log 2 126485494904704 Not Found: /media/recipe_images/cin.webp
WARNING 2024-10-27 06:15:18,004 log 2 126485494904704 Not Found: /media/recipe_images/apple_jNWo8qJ.webp
WARNING 2024-10-27 06:15:18,051 log 2 126485494904704 Not Found: /media/recipe_images/salad.jpg
WARNING 2024-10-27 06:15:18,081 log 2 126485494904704 Not Found: /media/recipe_images/jala.jpg
WARNING 2024-10-27 06:15:18,223 log 2 126485494904704 Not Found: /media/recipe_images/cake.webp
WARNING 2024-10-27 06:15:18,265 log 2 126485494904704 Not Found: /media/recipe_images/c4fe8c2ff37b6b2a5f8b245c175f8f45.png
WARNING 2024-10-27 06:16:45,552 log 2 136083490924416 Not Found: /media/recipe_images/cake.webp
WARNING 2024-10-27 06:16:45,564 log 2 136083490924416 Not Found: /media/recipe_images/apple_jNWo8qJ.webp
WARNING 2024-10-27 06:16:45,756 log 2 136083490924416 Not Found: /media/recipe_images/salad.jpg
WARNING 2024-10-27 06:16:45,767 log 2 136083490924416 Not Found: /media/recipe_images/cin.webp
WARNING 2024-10-27 06:16:45,915 log 2 136083490924416 Not Found: /media/recipe_images/c4fe8c2ff37b6b2a5f8b245c175f8f45.png
WARNING 2024-10-27 06:17:58,917 log 2 137246149150592 Not Found: /media/recipe_images/c4fe8c2ff37b6b2a5f8b245c175f8f45.png
WARNING 2024-10-27 06:17:58,939 log 2 137246149150592 Not Found: /media/recipe_images/cake.webp
WARNING 2024-10-27 06:17:59,117 log 2 137246149150592 Not Found: /media/recipe_images/salad.jpg
WARNING 2024-10-27 06:17:59,145 log 2 137246149150592 Not Found: /media/recipe_images/marga.webp
WARNING 2024-10-27 06:17:59,280 log 2 137246149150592 Not Found: /media/recipe_images/cin.webp
WARNING 2024-10-27 06:18:33,272 log 2 137246149150592 Not Found: /media/recipe_images/marga.webp
